This is pdfTeX, Version 3.141592653-2.6-1.40.27 (TeX Live 2025) (preloaded format=pdflatex 2025.9.30)  14 OCT 2025 13:04
entering extended mode
 restricted \write18 enabled.
 %&-line parsing enabled.
**/Users/au668926/Documents/Latex-documents/HMLV-survey/main.tex
(/Users/au668926/Documents/Latex-documents/HMLV-survey/main.tex
LaTeX2e <2024-11-01> patch level 2
L3 programming layer <2025-01-18>
(/usr/local/texlive/2025/texmf-dist/tex/latex/base/report.cls
Document Class: report 2024/06/29 v1.4n Standard LaTeX document class
(/usr/local/texlive/2025/texmf-dist/tex/latex/base/size10.clo
File: size10.clo 2024/06/29 v1.4n Standard LaTeX file (size option)
)
\c@part=\count196
\c@chapter=\count197
\c@section=\count198
\c@subsection=\count199
\c@subsubsection=\count266
\c@paragraph=\count267
\c@subparagraph=\count268
\c@figure=\count269
\c@table=\count270
\abovecaptionskip=\skip49
\belowcaptionskip=\skip50
\bibindent=\dimen141
) (./preamble.tex (/usr/local/texlive/2025/texmf-dist/tex/latex/graphics/graphicx.sty
Package: graphicx 2021/09/16 v1.2d Enhanced LaTeX Graphics (DPC,SPQR)
 (/usr/local/texlive/2025/texmf-dist/tex/latex/graphics/keyval.sty
Package: keyval 2022/05/29 v1.15 key=value parser (DPC)
\KV@toks@=\toks17
) (/usr/local/texlive/2025/texmf-dist/tex/latex/graphics/graphics.sty
Package: graphics 2024/08/06 v1.4g Standard LaTeX Graphics (DPC,SPQR)
 (/usr/local/texlive/2025/texmf-dist/tex/latex/graphics/trig.sty
Package: trig 2023/12/02 v1.11 sin cos tan (DPC)
) (/usr/local/texlive/2025/texmf-dist/tex/latex/graphics-cfg/graphics.cfg
File: graphics.cfg 2016/06/04 v1.11 sample graphics configuration
)
Package graphics Info: Driver file: pdftex.def on input line 106.
 (/usr/local/texlive/2025/texmf-dist/tex/latex/graphics-def/pdftex.def
File: pdftex.def 2024/04/13 v1.2c Graphics/color driver for pdftex
))
\Gin@req@height=\dimen142
\Gin@req@width=\dimen143
) (/usr/local/texlive/2025/texmf-dist/tex/latex/xcolor/xcolor.sty
Package: xcolor 2024/09/29 v3.02 LaTeX color extensions (UK)
 (/usr/local/texlive/2025/texmf-dist/tex/latex/graphics-cfg/color.cfg
File: color.cfg 2016/01/02 v1.6 sample color configuration
)
Package xcolor Info: Driver file: pdftex.def on input line 274.
 (/usr/local/texlive/2025/texmf-dist/tex/latex/graphics/mathcolor.ltx)
Package xcolor Info: Model `cmy' substituted by `cmy0' on input line 1349.
Package xcolor Info: Model `hsb' substituted by `rgb' on input line 1353.
Package xcolor Info: Model `RGB' extended on input line 1365.
Package xcolor Info: Model `HTML' substituted by `rgb' on input line 1367.
Package xcolor Info: Model `Hsb' substituted by `hsb' on input line 1368.
Package xcolor Info: Model `tHsb' substituted by `hsb' on input line 1369.
Package xcolor Info: Model `HSB' substituted by `hsb' on input line 1370.
Package xcolor Info: Model `Gray' substituted by `gray' on input line 1371.
Package xcolor Info: Model `wave' substituted by `hsb' on input line 1372.
) (/usr/local/texlive/2025/texmf-dist/tex/latex/colortbl/colortbl.sty
Package: colortbl 2024/07/06 v1.0i Color table columns (DPC)
 (/usr/local/texlive/2025/texmf-dist/tex/latex/tools/array.sty
Package: array 2024/10/17 v2.6g Tabular extension package (FMi)
\col@sep=\dimen144
\ar@mcellbox=\box52
\extrarowheight=\dimen145
\NC@list=\toks18
\extratabsurround=\skip51
\backup@length=\skip52
\ar@cellbox=\box53
)
\everycr=\toks19
\minrowclearance=\skip53
\rownum=\count271
) (/usr/local/texlive/2025/texmf-dist/tex/latex/hyperref/nameref.sty
Package: nameref 2023-11-26 v2.56 Cross-referencing by name of section
 (/usr/local/texlive/2025/texmf-dist/tex/latex/refcount/refcount.sty
Package: refcount 2019/12/15 v3.6 Data extraction from label references (HO)
 (/usr/local/texlive/2025/texmf-dist/tex/generic/ltxcmds/ltxcmds.sty
Package: ltxcmds 2023-12-04 v1.26 LaTeX kernel commands for general use (HO)
) (/usr/local/texlive/2025/texmf-dist/tex/generic/infwarerr/infwarerr.sty
Package: infwarerr 2019/12/03 v1.5 Providing info/warning/error messages (HO)
)) (/usr/local/texlive/2025/texmf-dist/tex/generic/gettitlestring/gettitlestring.sty
Package: gettitlestring 2019/12/15 v1.6 Cleanup title references (HO)
 (/usr/local/texlive/2025/texmf-dist/tex/latex/kvoptions/kvoptions.sty
Package: kvoptions 2022-06-15 v3.15 Key value format for package options (HO)
 (/usr/local/texlive/2025/texmf-dist/tex/latex/kvsetkeys/kvsetkeys.sty
Package: kvsetkeys 2022-10-05 v1.19 Key value parser (HO)
)))
\c@section@level=\count272
) (/usr/local/texlive/2025/texmf-dist/tex/latex/hyperref/hyperref.sty
Package: hyperref 2024-11-05 v7.01l Hypertext links for LaTeX
 (/usr/local/texlive/2025/texmf-dist/tex/generic/iftex/iftex.sty
Package: iftex 2024/12/12 v1.0g TeX engine tests
) (/usr/local/texlive/2025/texmf-dist/tex/generic/kvdefinekeys/kvdefinekeys.sty
Package: kvdefinekeys 2019-12-19 v1.6 Define keys (HO)
) (/usr/local/texlive/2025/texmf-dist/tex/generic/pdfescape/pdfescape.sty
Package: pdfescape 2019/12/09 v1.15 Implements pdfTeX's escape features (HO)
 (/usr/local/texlive/2025/texmf-dist/tex/generic/pdftexcmds/pdftexcmds.sty
Package: pdftexcmds 2020-06-27 v0.33 Utility functions of pdfTeX for LuaTeX (HO)
Package pdftexcmds Info: \pdf@primitive is available.
Package pdftexcmds Info: \pdf@ifprimitive is available.
Package pdftexcmds Info: \pdfdraftmode found.
)) (/usr/local/texlive/2025/texmf-dist/tex/latex/hycolor/hycolor.sty
Package: hycolor 2020-01-27 v1.10 Color options for hyperref/bookmark (HO)
) (/usr/local/texlive/2025/texmf-dist/tex/latex/etoolbox/etoolbox.sty
Package: etoolbox 2025/02/11 v2.5l e-TeX tools for LaTeX (JAW)
\etb@tempcnta=\count273
) (/usr/local/texlive/2025/texmf-dist/tex/generic/stringenc/stringenc.sty
Package: stringenc 2019/11/29 v1.12 Convert strings between diff. encodings (HO)
)
\@linkdim=\dimen146
\Hy@linkcounter=\count274
\Hy@pagecounter=\count275
 (/usr/local/texlive/2025/texmf-dist/tex/latex/hyperref/pd1enc.def
File: pd1enc.def 2024-11-05 v7.01l Hyperref: PDFDocEncoding definition (HO)
Now handling font encoding PD1 ...
... no UTF-8 mapping file for font encoding PD1
) (/usr/local/texlive/2025/texmf-dist/tex/generic/intcalc/intcalc.sty
Package: intcalc 2019/12/15 v1.3 Expandable calculations with integers (HO)
)
\Hy@SavedSpaceFactor=\count276
 (/usr/local/texlive/2025/texmf-dist/tex/latex/hyperref/puenc.def
File: puenc.def 2024-11-05 v7.01l Hyperref: PDF Unicode definition (HO)
Now handling font encoding PU ...
... no UTF-8 mapping file for font encoding PU
)
Package hyperref Info: Hyper figures OFF on input line 4157.
Package hyperref Info: Link nesting OFF on input line 4162.
Package hyperref Info: Hyper index ON on input line 4165.
Package hyperref Info: Plain pages OFF on input line 4172.
Package hyperref Info: Backreferencing OFF on input line 4177.
Package hyperref Info: Implicit mode ON; LaTeX internals redefined.
Package hyperref Info: Bookmarks ON on input line 4424.
\c@Hy@tempcnt=\count277
 (/usr/local/texlive/2025/texmf-dist/tex/latex/url/url.sty
\Urlmuskip=\muskip17
Package: url 2013/09/16  ver 3.4  Verb mode for urls, etc.
)
LaTeX Info: Redefining \url on input line 4763.
\XeTeXLinkMargin=\dimen147
 (/usr/local/texlive/2025/texmf-dist/tex/generic/bitset/bitset.sty
Package: bitset 2019/12/09 v1.3 Handle bit-vector datatype (HO)
 (/usr/local/texlive/2025/texmf-dist/tex/generic/bigintcalc/bigintcalc.sty
Package: bigintcalc 2019/12/15 v1.5 Expandable calculations on big integers (HO)
))
\Fld@menulength=\count278
\Field@Width=\dimen148
\Fld@charsize=\dimen149
Package hyperref Info: Hyper figures OFF on input line 6042.
Package hyperref Info: Link nesting OFF on input line 6047.
Package hyperref Info: Hyper index ON on input line 6050.
Package hyperref Info: backreferencing OFF on input line 6057.
Package hyperref Info: Link coloring OFF on input line 6062.
Package hyperref Info: Link coloring with OCG OFF on input line 6067.
Package hyperref Info: PDF/A mode OFF on input line 6072.
 (/usr/local/texlive/2025/texmf-dist/tex/latex/base/atbegshi-ltx.sty
Package: atbegshi-ltx 2021/01/10 v1.0c Emulation of the original atbegshi
package with kernel methods
)
\Hy@abspage=\count279
\c@Item=\count280
\c@Hfootnote=\count281
)
Package hyperref Info: Driver (autodetected): hpdftex.
 (/usr/local/texlive/2025/texmf-dist/tex/latex/hyperref/hpdftex.def
File: hpdftex.def 2024-11-05 v7.01l Hyperref driver for pdfTeX
 (/usr/local/texlive/2025/texmf-dist/tex/latex/base/atveryend-ltx.sty
Package: atveryend-ltx 2020/08/19 v1.0a Emulation of the original atveryend package
with kernel methods
)
\Fld@listcount=\count282
\c@bookmark@seq@number=\count283
 (/usr/local/texlive/2025/texmf-dist/tex/latex/rerunfilecheck/rerunfilecheck.sty
Package: rerunfilecheck 2022-07-10 v1.10 Rerun checks for auxiliary files (HO)
 (/usr/local/texlive/2025/texmf-dist/tex/generic/uniquecounter/uniquecounter.sty
Package: uniquecounter 2019/12/15 v1.4 Provide unlimited unique counter (HO)
)
Package uniquecounter Info: New unique counter `rerunfilecheck' on input line 285.
)
\Hy@SectionHShift=\skip54
) (/usr/local/texlive/2025/texmf-dist/tex/latex/adjustbox/adjustbox.sty
Package: adjustbox 2025/02/26 v1.3c Adjusting TeX boxes (trim, clip, ...)
 (/usr/local/texlive/2025/texmf-dist/tex/latex/xkeyval/xkeyval.sty
Package: xkeyval 2022/06/16 v2.9 package option processing (HA)
 (/usr/local/texlive/2025/texmf-dist/tex/generic/xkeyval/xkeyval.tex (/usr/local/texlive/2025/texmf-dist/tex/generic/xkeyval/xkvutils.tex
\XKV@toks=\toks20
\XKV@tempa@toks=\toks21
)
\XKV@depth=\count284
File: xkeyval.tex 2014/12/03 v2.7a key=value parser (HA)
)) (/usr/local/texlive/2025/texmf-dist/tex/latex/adjustbox/adjcalc.sty
Package: adjcalc 2012/05/16 v1.1 Provides advanced setlength with multiple back-ends (calc, etex, pgfmath)
) (/usr/local/texlive/2025/texmf-dist/tex/latex/adjustbox/trimclip.sty
Package: trimclip 2025/02/21 v1.2a Trim and clip general TeX material
 (/usr/local/texlive/2025/texmf-dist/tex/latex/collectbox/collectbox.sty
Package: collectbox 2022/10/17 v0.4c Collect macro arguments as boxes
\collectedbox=\box54
)
\tc@llx=\dimen150
\tc@lly=\dimen151
\tc@urx=\dimen152
\tc@ury=\dimen153
Package trimclip Info: Using driver 'tc-pdftex.def'.
 (/usr/local/texlive/2025/texmf-dist/tex/latex/adjustbox/tc-pdftex.def
File: tc-pdftex.def 2025/02/26 v2.3 Clipping driver for pdftex
))
\adjbox@Width=\dimen154
\adjbox@Height=\dimen155
\adjbox@Depth=\dimen156
\adjbox@Totalheight=\dimen157
\adjbox@pwidth=\dimen158
\adjbox@pheight=\dimen159
\adjbox@pdepth=\dimen160
\adjbox@ptotalheight=\dimen161
 (/usr/local/texlive/2025/texmf-dist/tex/latex/ifoddpage/ifoddpage.sty
Package: ifoddpage 2022/10/18 v1.2 Conditionals for odd/even page detection
\c@checkoddpage=\count285
) (/usr/local/texlive/2025/texmf-dist/tex/latex/varwidth/varwidth.sty
Package: varwidth 2009/03/30 ver 0.92;  Variable-width minipages
\@vwid@box=\box55
\sift@deathcycles=\count286
\@vwid@loff=\dimen162
\@vwid@roff=\dimen163
)) (/usr/local/texlive/2025/texmf-dist/tex/latex/pdflscape/pdflscape.sty
Package: pdflscape 2022-10-27 v0.13 Display of landscape pages in PDF
 (/usr/local/texlive/2025/texmf-dist/tex/latex/pdflscape/pdflscape-nometadata.sty
Package: pdflscape-nometadata 2022-10-28 v0.13 Display of landscape pages in PDF (HO)
 (/usr/local/texlive/2025/texmf-dist/tex/latex/graphics/lscape.sty
Package: lscape 2020/05/28 v3.02 Landscape Pages (DPC)
)
Package pdflscape Info: Auto-detected driver: pdftex on input line 81.
)) (/usr/local/texlive/2025/texmf-dist/tex/latex/fancyhdr/fancyhdr.sty
Package: fancyhdr 2025/02/07 v5.2 Extensive control of page headers and footers
\f@nch@headwidth=\skip55
\f@nch@offset@elh=\skip56
\f@nch@offset@erh=\skip57
\f@nch@offset@olh=\skip58
\f@nch@offset@orh=\skip59
\f@nch@offset@elf=\skip60
\f@nch@offset@erf=\skip61
\f@nch@offset@olf=\skip62
\f@nch@offset@orf=\skip63
\f@nch@height=\skip64
\f@nch@footalignment=\skip65
\f@nch@widthL=\skip66
\f@nch@widthC=\skip67
\f@nch@widthR=\skip68
\@temptokenb=\toks22
) (/usr/local/texlive/2025/texmf-dist/tex/latex/lastpage/lastpage.sty
Package: lastpage 2025/01/27 v2.1e lastpage: 2.09 or 2e? (HMM)
 (/usr/local/texlive/2025/texmf-dist/tex/latex/lastpage/lastpage2e.sty
Package: lastpage2e 2025/01/27 v2.1e Decide which 2e lastpage version to use (HMM)
 (/usr/local/texlive/2025/texmf-dist/tex/latex/lastpage/lastpagemodern.sty
Package: lastpagemodern 2025-01-27 v2.1e Refers to last page's name (HMM; JPG)
\c@lastpagecount=\count287
) 
)) (/usr/local/texlive/2025/texmf-dist/tex/latex/geometry/geometry.sty
Package: geometry 2020/01/02 v5.9 Page Geometry
 (/usr/local/texlive/2025/texmf-dist/tex/generic/iftex/ifvtex.sty
Package: ifvtex 2019/10/25 v1.7 ifvtex legacy package. Use iftex instead.
)
\Gm@cnth=\count288
\Gm@cntv=\count289
\c@Gm@tempcnt=\count290
\Gm@bindingoffset=\dimen164
\Gm@wd@mp=\dimen165
\Gm@odd@mp=\dimen166
\Gm@even@mp=\dimen167
\Gm@layoutwidth=\dimen168
\Gm@layoutheight=\dimen169
\Gm@layouthoffset=\dimen170
\Gm@layoutvoffset=\dimen171
\Gm@dimlist=\toks23
) (/usr/local/texlive/2025/texmf-dist/tex/latex/acronym/acronym.sty
Package: acronym 2025/01/17 v1.50 Support for acronyms (Tobias Oetiker)
 (/usr/local/texlive/2025/texmf-dist/tex/latex/bigfoot/suffix.sty
Package: suffix 2006/07/15 1.5a Variant command support
) (/usr/local/texlive/2025/texmf-dist/tex/generic/xstring/xstring.sty (/usr/local/texlive/2025/texmf-dist/tex/generic/xstring/xstring.tex
\xs_counta=\count291
\xs_countb=\count292
)
Package: xstring 2023/08/22 v1.86 String manipulations (CT)
)
\AC@clearlist=\toks24
) (/usr/local/texlive/2025/texmf-dist/tex/latex/tools/tabularx.sty
Package: tabularx 2023/12/11 v2.12a `tabularx' package (DPC)
\TX@col@width=\dimen172
\TX@old@table=\dimen173
\TX@old@col=\dimen174
\TX@target=\dimen175
\TX@delta=\dimen176
\TX@cols=\count293
\TX@ftn=\toks25
)) (/usr/local/texlive/2025/texmf-dist/tex/latex/mdwtools/footnote.sty
Package: footnote 1997/01/28 1.13 Save footnotes around boxes
\fn@notes=\box56
\fn@width=\dimen177
) (/usr/local/texlive/2025/texmf-dist/tex/latex/l3backend/l3backend-pdftex.def
File: l3backend-pdftex.def 2024-05-08 L3 backend support: PDF output (pdfTeX)
\l__color_backend_stack_int=\count294
\l__pdf_internal_box=\box57
) (./main.aux

LaTeX Warning: Label `chap:abbrev' multiply defined.

)
\openout1 = `main.aux'.

LaTeX Font Info:    Checking defaults for OML/cmm/m/it on input line 10.
LaTeX Font Info:    ... okay on input line 10.
LaTeX Font Info:    Checking defaults for OMS/cmsy/m/n on input line 10.
LaTeX Font Info:    ... okay on input line 10.
LaTeX Font Info:    Checking defaults for OT1/cmr/m/n on input line 10.
LaTeX Font Info:    ... okay on input line 10.
LaTeX Font Info:    Checking defaults for T1/cmr/m/n on input line 10.
LaTeX Font Info:    ... okay on input line 10.
LaTeX Font Info:    Checking defaults for TS1/cmr/m/n on input line 10.
LaTeX Font Info:    ... okay on input line 10.
LaTeX Font Info:    Checking defaults for OMX/cmex/m/n on input line 10.
LaTeX Font Info:    ... okay on input line 10.
LaTeX Font Info:    Checking defaults for U/cmr/m/n on input line 10.
LaTeX Font Info:    ... okay on input line 10.
LaTeX Font Info:    Checking defaults for PD1/pdf/m/n on input line 10.
LaTeX Font Info:    ... okay on input line 10.
LaTeX Font Info:    Checking defaults for PU/pdf/m/n on input line 10.
LaTeX Font Info:    ... okay on input line 10.
 (/usr/local/texlive/2025/texmf-dist/tex/context/base/mkii/supp-pdf.mkii
[Loading MPS to PDF converter (version 2006.09.02).]
\scratchcounter=\count295
\scratchdimen=\dimen178
\scratchbox=\box58
\nofMPsegments=\count296
\nofMParguments=\count297
\everyMPshowfont=\toks26
\MPscratchCnt=\count298
\MPscratchDim=\dimen179
\MPnumerator=\count299
\makeMPintoPDFobject=\count300
\everyMPtoPDFconversion=\toks27
) (/usr/local/texlive/2025/texmf-dist/tex/latex/epstopdf-pkg/epstopdf-base.sty
Package: epstopdf-base 2020-01-24 v2.11 Base part for package epstopdf
Package epstopdf-base Info: Redefining graphics rule for `.eps' on input line 485.
 (/usr/local/texlive/2025/texmf-dist/tex/latex/latexconfig/epstopdf-sys.cfg
File: epstopdf-sys.cfg 2010/07/13 v1.3 Configuration of (r)epstopdf for TeX Live
))
Package hyperref Info: Link coloring OFF on input line 10.
 (./main.out) (./main.out)
\@outlinefile=\write3
\openout3 = `main.out'.


*geometry* driver: auto-detecting
*geometry* detected driver: pdftex
*geometry* verbose mode - [ preamble ] result:
* driver: pdftex
* paper: a4paper
* layout: <same size as paper>
* layoutoffset:(h,v)=(0.0pt,0.0pt)
* modes: 
* h-part:(L,W,R)=(85.35826pt, 426.79135pt, 85.35826pt)
* v-part:(T,H,B)=(99.58464pt, 645.87756pt, 99.58464pt)
* \paperwidth=597.50787pt
* \paperheight=845.04684pt
* \textwidth=426.79135pt
* \textheight=645.87756pt
* \oddsidemargin=13.08827pt
* \evensidemargin=13.08827pt
* \topmargin=-9.68535pt
* \headheight=12.0pt
* \headsep=25.0pt
* \topskip=10.0pt
* \footskip=30.0pt
* \marginparwidth=65.0pt
* \marginparsep=11.0pt
* \columnsep=10.0pt
* \skip\footins=9.0pt plus 4.0pt minus 2.0pt
* \hoffset=0.0pt
* \voffset=0.0pt
* \mag=1000
* \@twocolumnfalse
* \@twosidefalse
* \@mparswitchfalse
* \@reversemarginfalse
* (1in=72.27pt=25.4mm, 1cm=28.453pt)

LaTeX Font Info:    External font `cmex10' loaded for size
(Font)              <12> on input line 17.
LaTeX Font Info:    External font `cmex10' loaded for size
(Font)              <8> on input line 17.
LaTeX Font Info:    External font `cmex10' loaded for size
(Font)              <6> on input line 17.


[1

{/usr/local/texlive/2025/texmf-var/fonts/map/pdftex/updmap/pdftex.map}] (./main.toc
LaTeX Font Info:    External font `cmex10' loaded for size
(Font)              <7> on input line 4.
LaTeX Font Info:    External font `cmex10' loaded for size
(Font)              <5> on input line 4.



pdfTeX warning (ext4): destination with the same identifier (name{page.i}) has been already used, duplicate ignored
<to be read again> 
                   \relax 
l.40 ...line {5.1.4}Surveys}{12}{subsection.5.1.4}
                                                  % [1

])
\tf@toc=\write4
\openout4 = `main.toc'.

 (./misc/acronyms.tex

[2]

LaTeX Warning: Hyper reference `acro:ml' on page iii undefined on input line 5.


LaTeX Warning: Hyper reference `acro:ml' on page iii undefined on input line 5.


LaTeX Warning: Hyper reference `acro:ai' on page iii undefined on input line 9.


LaTeX Warning: Hyper reference `acro:ai' on page iii undefined on input line 9.


LaTeX Warning: Hyper reference `acro:cps' on page iii undefined on input line 10.


LaTeX Warning: Hyper reference `acro:cps' on page iii undefined on input line 10.


LaTeX Warning: Hyper reference `acro:mes' on page iii undefined on input line 11.


LaTeX Warning: Hyper reference `acro:mes' on page iii undefined on input line 11.


LaTeX Warning: Hyper reference `acro:erp' on page iii undefined on input line 12.


LaTeX Warning: Hyper reference `acro:erp' on page iii undefined on input line 12.


LaTeX Warning: Hyper reference `acro:plm' on page iii undefined on input line 13.


LaTeX Warning: Hyper reference `acro:plm' on page iii undefined on input line 13.


LaTeX Warning: Hyper reference `acro:iodt' on page iii undefined on input line 16.


LaTeX Warning: Hyper reference `acro:iodt' on page iii undefined on input line 16.


LaTeX Warning: Hyper reference `acro:dtaas' on page iii undefined on input line 17.


LaTeX Warning: Hyper reference `acro:dtaas' on page iii undefined on input line 17.


LaTeX Warning: Hyper reference `acro:mlops' on page iii undefined on input line 18.


LaTeX Warning: Hyper reference `acro:mlops' on page iii undefined on input line 18.


LaTeX Warning: Hyper reference `acro:plc' on page iii undefined on input line 19.


LaTeX Warning: Hyper reference `acro:plc' on page iii undefined on input line 19.


LaTeX Warning: Hyper reference `acro:sme' on page iii undefined on input line 20.


LaTeX Warning: Hyper reference `acro:sme' on page iii undefined on input line 20.


Package hyperref Warning: Ignoring empty anchor on input line 21.


LaTeX Warning: Hyper reference `acro:' on page iii undefined on input line 21.


LaTeX Warning: Hyper reference `acro:' on page iii undefined on input line 21.


Package hyperref Warning: Ignoring empty anchor on input line 22.


LaTeX Warning: Hyper reference `acro:' on page iii undefined on input line 22.


LaTeX Warning: Hyper reference `acro:' on page iii undefined on input line 22.

)

[3

] (./misc/acronyms.tex
pdfTeX warning (ext4): destination with the same identifier (name{ml}) has been already used, duplicate ignored
<to be read again> 
                   \relax 
l.5     \acro{ml}[ML]{Machine Learning}
                                       

LaTeX Warning: Hyper reference `acro:ml' on page 1 undefined on input line 5.


LaTeX Warning: Hyper reference `acro:ml' on page 1 undefined on input line 5.


pdfTeX warning (ext4): destination with the same identifier (name{hmlv}) has been already used, duplicate ignored
<to be read again> 
                   \relax 
l.6     \acro{hmlv}[HMLV]{High-Mix Low-Volume}
                                              
pdfTeX warning (ext4): destination with the same identifier (name{iiot}) has been already used, duplicate ignored
<to be read again> 
                   \relax 
l.7 ...{iiot}[IIoT]{Industrial Internet of Things}
                                                  
pdfTeX warning (ext4): destination with the same identifier (name{iot}) has been already used, duplicate ignored
<to be read again> 
                   \relax 
l.8     \acro{iot}[IoT]{Internet of Things}
                                           
pdfTeX warning (ext4): destination with the same identifier (name{ai}) has been already used, duplicate ignored
<to be read again> 
                   \relax 
l.9     \acro{ai}[AI]{Artefitial Intelligence}
                                              

LaTeX Warning: Hyper reference `acro:ai' on page 1 undefined on input line 9.


LaTeX Warning: Hyper reference `acro:ai' on page 1 undefined on input line 9.


pdfTeX warning (ext4): destination with the same identifier (name{cps}) has been already used, duplicate ignored
<to be read again> 
                   \relax 
l.10     \acro{cps}[CPS]{Cyper-Physical System}
                                               

LaTeX Warning: Hyper reference `acro:cps' on page 1 undefined on input line 10.


LaTeX Warning: Hyper reference `acro:cps' on page 1 undefined on input line 10.


pdfTeX warning (ext4): destination with the same identifier (name{mes}) has been already used, duplicate ignored
<to be read again> 
                   \relax 
l.11 ...{mes}[MES]{Manufacturing Execution System}
                                                  

LaTeX Warning: Hyper reference `acro:mes' on page 1 undefined on input line 11.


LaTeX Warning: Hyper reference `acro:mes' on page 1 undefined on input line 11.


pdfTeX warning (ext4): destination with the same identifier (name{erp}) has been already used, duplicate ignored
<to be read again> 
                   \relax 
l.12 ...ro{erp}[ERP]{Enterprise Resource Planning}
                                                  

LaTeX Warning: Hyper reference `acro:erp' on page 1 undefined on input line 12.


LaTeX Warning: Hyper reference `acro:erp' on page 1 undefined on input line 12.


pdfTeX warning (ext4): destination with the same identifier (name{plm}) has been already used, duplicate ignored
<to be read again> 
                   \relax 
l.13 ...ro{plm}[PLM]{Product Lifecycle Management}
                                                  

LaTeX Warning: Hyper reference `acro:plm' on page 1 undefined on input line 13.


LaTeX Warning: Hyper reference `acro:plm' on page 1 undefined on input line 13.


pdfTeX warning (ext4): destination with the same identifier (name{dt}) has been already used, duplicate ignored
<to be read again> 
                   \relax 
l.14     \acro{dt}[DT]{Digital Twin}
                                    
pdfTeX warning (ext4): destination with the same identifier (name{pt}) has been already used, duplicate ignored
<to be read again> 
                   \relax 
l.15     \acro{pt}[PT]{Physical Twin}
                                     
pdfTeX warning (ext4): destination with the same identifier (name{iodt}) has been already used, duplicate ignored
<to be read again> 
                   \relax 
l.16 ...t}[IoDT]{Internet of Digital Twins (IoDT)}
                                                  

LaTeX Warning: Hyper reference `acro:iodt' on page 1 undefined on input line 16.


LaTeX Warning: Hyper reference `acro:iodt' on page 1 undefined on input line 16.


pdfTeX warning (ext4): destination with the same identifier (name{dtaas}) has been already used, duplicate ignored
<to be read again> 
                   \relax 
l.17 ...ro{dtaas}[DTaaS]{Ditial Twin as a Service}
                                                  

LaTeX Warning: Hyper reference `acro:dtaas' on page 1 undefined on input line 17.


LaTeX Warning: Hyper reference `acro:dtaas' on page 1 undefined on input line 17.


pdfTeX warning (ext4): destination with the same identifier (name{mlops}) has been already used, duplicate ignored
<to be read again> 
                   \relax 
l.18 ...mlops}[MLOps]{Machine Learning Operations}
                                                  

LaTeX Warning: Hyper reference `acro:mlops' on page 1 undefined on input line 18.


LaTeX Warning: Hyper reference `acro:mlops' on page 1 undefined on input line 18.


pdfTeX warning (ext4): destination with the same identifier (name{plc}) has been already used, duplicate ignored
<to be read again> 
                   \relax 
l.19 ...o{plc}[PLC]{Programmable Logic Controller}
                                                  

LaTeX Warning: Hyper reference `acro:plc' on page 1 undefined on input line 19.


LaTeX Warning: Hyper reference `acro:plc' on page 1 undefined on input line 19.


pdfTeX warning (ext4): destination with the same identifier (name{sme}) has been already used, duplicate ignored
<to be read again> 
                   \relax 
l.20 ...e}[SME]{Small and Medium-sized Enterprise}
                                                  

LaTeX Warning: Hyper reference `acro:sme' on page 1 undefined on input line 20.


LaTeX Warning: Hyper reference `acro:sme' on page 1 undefined on input line 20.


Package hyperref Warning: Ignoring empty anchor on input line 21.


LaTeX Warning: Hyper reference `acro:' on page 1 undefined on input line 21.


LaTeX Warning: Hyper reference `acro:' on page 1 undefined on input line 21.


Package hyperref Warning: Ignoring empty anchor on input line 22.


LaTeX Warning: Hyper reference `acro:' on page 1 undefined on input line 22.


LaTeX Warning: Hyper reference `acro:' on page 1 undefined on input line 22.

)

[1

]
Chapter 1.
(./chapters/introduction.tex
Package acronym Info: Label `acro:hmlv' newly defined as it shall be overridden
although it is yet undefined on input line 3.
Package acronym Info: Label `acro:iot' newly defined as it shall be overridden
although it is yet undefined on input line 12.
)

[2

{/usr/local/texlive/2025/texmf-dist/fonts/enc/dvips/cm-super/cm-super-ts1.enc}]
Chapter 2.
(./chapters/methodology.tex)

[3

]
Chapter 3.
(./chapters/Indsutry3.0/Industry3.0.tex)

[4

]
Chapter 4.
(./chapters/Industry4.0/CPS.tex

[5

]) (./chapters/Industry4.0/IOT.tex
Package acronym Info: Label `acro:iiot' newly defined as it shall be overridden
although it is yet undefined on input line 3.


[6]) (./chapters/Industry4.0/Big_data.tex

[7]) (./chapters/Industry4.0/Automation.tex

[8]

[9]) (./chapters/Industry4.0/Decision_support.tex) (./chapters/Industry4.0/MLops.tex) (./chapters/Industry4.0/cloud_and_edge_computing.tex)

[10]
Chapter 5.
(./chapters/Industry5.0/digital-twins.tex
Package acronym Info: Label `acro:dt' newly defined as it shall be overridden
although it is yet undefined on input line 4.
Package acronym Info: Label `acro:pt' newly defined as it shall be overridden
although it is yet undefined on input line 4.


[11

]

[12]

[13]) (./chapters/Industry5.0/human-centric.tex) (./chapters/Industry5.0/resilience-and-adaptibility.tex) (./chapters/Industry5.0/sustainability-and-circularity.tex) (./chapters/Industry5.0/ethics-and-trustworthy-ai.tex) (./chapters/Industry5.0/co-bots.tex)

[14]
Chapter 6.
(./conclusion.tex)

[15

] (./main.bbl
** WARNING: IEEEtran.bst: No hyphenation pattern has been
** loaded for the language `English (US)'. Using the pattern for
** the default language instead.
** WARNING: IEEEtran.bst: No hyphenation pattern has been
** loaded for the language `English (US)'. Using the pattern for
** the default language instead.


[16

]

[17]

[18])

[19] 
enddocument/afterlastpage (AED): lastpage setting LastPage.
(./main.aux)
 ***********
LaTeX2e <2024-11-01> patch level 2
L3 programming layer <2025-01-18>
 ***********


LaTeX Warning: There were undefined references.


LaTeX Warning: There were multiply-defined labels.

Package rerunfilecheck Info: File `main.out' has not changed.
(rerunfilecheck)             Checksum: 3CB9AA80FA765562E4F46A65DF60186F;8551.
 ) 
Here is how much of TeX's memory you used:
 12411 strings out of 473190
 200982 string characters out of 5715800
 618934 words of memory out of 5000000
 35281 multiletter control sequences out of 15000+600000
 564985 words of font info for 56 fonts, out of 8000000 for 9000
 1141 hyphenation exceptions out of 8191
 74i,11n,82p,1490b,632s stack positions out of 10000i,1000n,20000p,200000b,200000s
</usr/local/texlive/2025/texmf-dist/fonts/type1/public/amsfonts/cm/cmbx10.pfb></usr/local/texlive/2025/texmf-dist/fonts/type1/public/amsfonts/cm/cmbx12.pfb></usr/local/texlive/2025/texmf-dist/fonts/type1/public/amsfonts/cm/cmr10.pfb></usr/local/texlive/2025/texmf-dist/fonts/type1/public/amsfonts/cm/cmr17.pfb></usr/local/texlive/2025/texmf-dist/fonts/type1/public/amsfonts/cm/cmti10.pfb></usr/local/texlive/2025/texmf-dist/fonts/type1/public/cm-super/sfrm1000.pfb>
Output written on main.pdf (23 pages, 166186 bytes).
PDF statistics:
 689 PDF objects out of 1000 (max. 8388607)
 645 compressed objects within 7 object streams
 140 named destinations out of 1000 (max. 500000)
 401 words of extra memory for PDF output out of 10000 (max. 10000000)

